<?xml version="1.0" encoding="UTF-8"?>
<!-- Generated by org.testng.reporters.JUnitReportReporter -->
<testsuite hostname="DESKTOP-D56FS1S" failures="0" tests="1" name="com.actitime.tests.ValidLoginLogoutTest" time="92.926" errors="0" timestamp="16 Aug 2020 06:52:51 GMT" skipped="0">
  <testcase classname="com.actitime.tests.ValidLoginLogoutTest" name="testValidLoginLogout" time="92.926"/>
</testsuite> <!-- com.actitime.tests.ValidLoginLogoutTest -->
